flutter_test_agence/build/app/intermediates/manifest_merge_blame_file/debug/manifest-merger-blame-debug-report.txt
1<?xml version="1.0" encoding="utf-8"?>
2<manifest xmlns:android="http://schemas.android.com/apk/res/android"
3    package="com.example.flutter_test_agence"
4    android:versionCode="1"
5    android:versionName="1.0.0" >
6
7    <uses-sdk
8        android:minSdkVersion="19"
9        android:targetSdkVersion="33" />
10    <!--
11         The INTERNET permission is required for development. Specifically,
12         the Flutter tool needs it to communicate with the running application
13         to allow setting breakpoints, to provide hot reload, etc.
14    -->
15    <uses-permission android:name="android.permission.INTERNET" />
15-->src/debug/AndroidManifest.xml:7:5-66
15-->src/debug/AndroidManifest.xml:7:22-64
16
17    <queries>
17-->[com.facebook.android:facebook-common:15.1.0] AndroidManifest.xml:17:5-19:15
18        <package android:name="com.facebook.katana" />
18-->[com.facebook.android:facebook-common:15.1.0] AndroidManifest.xml:18:9-55
18-->[com.facebook.android:facebook-common:15.1.0] AndroidManifest.xml:18:18-52
19    </queries>
20
21    <uses-permission android:name="android.permission.ACCESS_NETWORK_STATE" />
21-->[com.google.android.gms:play-services-measurement:20.0.0] AndroidManifest.xml:24:5-79
21-->[com.google.android.gms:play-services-measurement:20.0.0] AndroidManifest.xml:24:22-76
22    <uses-permission android:name="android.permission.WAKE_LOCK" />
22-->[com.google.android.gms:play-services-measurement:20.0.0] AndroidManifest.xml:25:5-68
22-->[com.google.android.gms:play-services-measurement:20.0.0] AndroidManifest.xml:25:22-65
23    <uses-permission android:name="com.google.android.finsky.permission.BIND_GET_INSTALL_REFERRER_SERVICE" />
23-->[com.google.android.gms:play-services-measurement:20.0.0] AndroidManifest.xml:26:5-110
23-->[com.google.android.gms:play-services-measurement:20.0.0] AndroidManifest.xml:26:22-107
24    <uses-permission android:name="com.google.android.gms.permission.AD_ID" />
24-->[com.facebook.android:facebook-core:15.1.0] AndroidManifest.xml:16:5-79
24-->[com.facebook.android:facebook-core:15.1.0] AndroidManifest.xml:16:22-76
25
26    <permission
26-->[androidx.core:core:1.9.0] AndroidManifest.xml:22:5-24:47
27        android:name="com.example.flutter_test_agence.DYNAMIC_RECEIVER_NOT_EXPORTED_PERMISSION"
27-->[androidx.core:core:1.9.0] AndroidManifest.xml:23:9-81
28        android:protectionLevel="signature" />
28-->[androidx.core:core:1.9.0] AndroidManifest.xml:24:9-44
29
30    <uses-permission android:name="com.example.flutter_test_agence.DYNAMIC_RECEIVER_NOT_EXPORTED_PERMISSION" />
30-->[androidx.core:core:1.9.0] AndroidManifest.xml:26:5-97
30-->[androidx.core:core:1.9.0] AndroidManifest.xml:26:22-94
31
32    <application
33        android:name="android.app.Application"
34        android:appComponentFactory="androidx.core.app.CoreComponentFactory"
34-->[androidx.core:core:1.9.0] AndroidManifest.xml:28:18-86
35        android:debuggable="true"
36        android:icon="@mipmap/ic_launcher"
37        android:label="flutter_test_agence"
38        android:supportsRtl="true" >
38-->[com.facebook.android:facebook-android-sdk:5.15.3] AndroidManifest.xml:28:18-44
39        <activity
40            android:name="com.example.flutter_test_agence.MainActivity"
41            android:configChanges="orientation|keyboardHidden|keyboard|screenSize|smallestScreenSize|locale|layoutDirection|fontScale|screenLayout|density|uiMode"
42            android:exported="true"
43            android:hardwareAccelerated="true"
44            android:launchMode="singleTop"
45            android:theme="@style/LaunchTheme"
46            android:windowSoftInputMode="adjustResize" >
47
48            <!--
49                 Specifies an Android theme to apply to this Activity as soon as
50                 the Android process has started. This theme is visible to the user
51                 while the Flutter UI initializes. After that, this theme continues
52                 to determine the Window background behind the Flutter UI.
53            -->
54            <meta-data
55                android:name="io.flutter.embedding.android.NormalTheme"
56                android:resource="@style/NormalTheme" />
57
58            <intent-filter>
59                <action android:name="android.intent.action.MAIN" />
60
61                <category android:name="android.intent.category.LAUNCHER" />
62            </intent-filter>
63        </activity>
64        <!--
65             Don't delete the meta-data below.
66             This is used by the Flutter tool to generate GeneratedPluginRegistrant.java
67        -->
68        <meta-data
69            android:name="flutterEmbedding"
70            android:value="2" />
71        <meta-data
72            android:name="com.facebook.sdk.ApplicationId"
73            android:value="@string/facebook_app_id" />
74        <meta-data
75            android:name="com.facebook.sdk.ClientToken"
76            android:value="@string/facebook_client_token" />
77
78        <provider
78-->[:image_picker_android] AndroidManifest.xml:10:9-18:20
79            android:name="io.flutter.plugins.imagepicker.ImagePickerFileProvider"
79-->[:image_picker_android] AndroidManifest.xml:11:13-82
80            android:authorities="com.example.flutter_test_agence.flutter.image_provider"
80-->[:image_picker_android] AndroidManifest.xml:12:13-74
81            android:exported="false"
81-->[:image_picker_android] AndroidManifest.xml:13:13-37
82            android:grantUriPermissions="true" >
82-->[:image_picker_android] AndroidManifest.xml:14:13-47
83            <meta-data
83-->[:image_picker_android] AndroidManifest.xml:15:13-17:75
84                android:name="android.support.FILE_PROVIDER_PATHS"
84-->[:image_picker_android] AndroidManifest.xml:16:17-67
85                android:resource="@xml/flutter_image_picker_file_paths" />
85-->[:image_picker_android] AndroidManifest.xml:17:17-72
86        </provider>
87
88        <activity
88-->[com.facebook.android:facebook-common:15.1.0] AndroidManifest.xml:22:9-25:66
89            android:name="com.facebook.FacebookActivity"
89-->[com.facebook.android:facebook-common:15.1.0] AndroidManifest.xml:23:13-57
90            android:configChanges="keyboard|keyboardHidden|screenLayout|screenSize|orientation"
90-->[com.facebook.android:facebook-common:15.1.0] AndroidManifest.xml:24:13-96
91            android:theme="@style/com_facebook_activity_theme" />
91-->[com.facebook.android:facebook-common:15.1.0] AndroidManifest.xml:25:13-63
92        <activity android:name="com.facebook.CustomTabMainActivity" />
92-->[com.facebook.android:facebook-common:15.1.0] AndroidManifest.xml:26:9-71
92-->[com.facebook.android:facebook-common:15.1.0] AndroidManifest.xml:26:19-68
93        <activity
93-->[com.facebook.android:facebook-common:15.1.0] AndroidManifest.xml:27:9-41:20
94            android:name="com.facebook.CustomTabActivity"
94-->[com.facebook.android:facebook-common:15.1.0] AndroidManifest.xml:28:13-58
95            android:exported="true" >
95-->[com.facebook.android:facebook-common:15.1.0] AndroidManifest.xml:29:13-36
96            <intent-filter>
96-->[com.facebook.android:facebook-common:15.1.0] AndroidManifest.xml:31:13-40:29
97                <action android:name="android.intent.action.VIEW" />
97-->[com.facebook.android:facebook-common:15.1.0] AndroidManifest.xml:32:17-69
97-->[com.facebook.android:facebook-common:15.1.0] AndroidManifest.xml:32:25-66
98
99                <category android:name="android.intent.category.DEFAULT" />
99-->[com.facebook.android:facebook-common:15.1.0] AndroidManifest.xml:34:17-76
99-->[com.facebook.android:facebook-common:15.1.0] AndroidManifest.xml:34:27-73
100                <category android:name="android.intent.category.BROWSABLE" />
100-->[com.facebook.android:facebook-common:15.1.0] AndroidManifest.xml:35:17-78
100-->[com.facebook.android:facebook-common:15.1.0] AndroidManifest.xml:35:27-75
101
102                <data
102-->[com.facebook.android:facebook-common:15.1.0] AndroidManifest.xml:37:17-39:50
103                    android:host="cct.com.example.flutter_test_agence"
103-->[com.facebook.android:facebook-common:15.1.0] AndroidManifest.xml:38:21-56
104                    android:scheme="fbconnect" />
104-->[com.facebook.android:facebook-common:15.1.0] AndroidManifest.xml:39:21-47
105            </intent-filter>
106        </activity>
107        <activity
107-->[com.google.android.gms:play-services-auth:20.4.1] AndroidManifest.xml:23:9-27:75
108            android:name="com.google.android.gms.auth.api.signin.internal.SignInHubActivity"
108-->[com.google.android.gms:play-services-auth:20.4.1] AndroidManifest.xml:24:13-93
109            android:excludeFromRecents="true"
109-->[com.google.android.gms:play-services-auth:20.4.1] AndroidManifest.xml:25:13-46
110            android:exported="false"
110-->[com.google.android.gms:play-services-auth:20.4.1] AndroidManifest.xml:26:13-37
111            android:theme="@android:style/Theme.Translucent.NoTitleBar" />
111-->[com.google.android.gms:play-services-auth:20.4.1] AndroidManifest.xml:27:13-72
112        <!--
113            Service handling Google Sign-In user revocation. For apps that do not integrate with
114            Google Sign-In, this service will never be started.
115        -->
116        <service
116-->[com.google.android.gms:play-services-auth:20.4.1] AndroidManifest.xml:33:9-37:51
117            android:name="com.google.android.gms.auth.api.signin.RevocationBoundService"
117-->[com.google.android.gms:play-services-auth:20.4.1] AndroidManifest.xml:34:13-89
118            android:exported="true"
118-->[com.google.android.gms:play-services-auth:20.4.1] AndroidManifest.xml:35:13-36
119            android:permission="com.google.android.gms.auth.api.signin.permission.REVOCATION_NOTIFICATION"
119-->[com.google.android.gms:play-services-auth:20.4.1] AndroidManifest.xml:36:13-107
120            android:visibleToInstantApps="true" />
120-->[com.google.android.gms:play-services-auth:20.4.1] AndroidManifest.xml:37:13-48
121
122        <activity
122-->[com.google.android.gms:play-services-base:18.0.1] AndroidManifest.xml:20:9-22:45
123            android:name="com.google.android.gms.common.api.GoogleApiActivity"
123-->[com.google.android.gms:play-services-base:18.0.1] AndroidManifest.xml:20:19-85
124            android:exported="false"
124-->[com.google.android.gms:play-services-base:18.0.1] AndroidManifest.xml:22:19-43
125            android:theme="@android:style/Theme.Translucent.NoTitleBar" />
125-->[com.google.android.gms:play-services-base:18.0.1] AndroidManifest.xml:21:19-78
126
127        <receiver
127-->[com.google.android.gms:play-services-measurement:20.0.0] AndroidManifest.xml:29:9-33:20
128            android:name="com.google.android.gms.measurement.AppMeasurementReceiver"
128-->[com.google.android.gms:play-services-measurement:20.0.0] AndroidManifest.xml:30:13-85
129            android:enabled="true"
129-->[com.google.android.gms:play-services-measurement:20.0.0] AndroidManifest.xml:31:13-35
130            android:exported="false" >
130-->[com.google.android.gms:play-services-measurement:20.0.0] AndroidManifest.xml:32:13-37
131        </receiver>
132
133        <service
133-->[com.google.android.gms:play-services-measurement:20.0.0] AndroidManifest.xml:35:9-38:40
134            android:name="com.google.android.gms.measurement.AppMeasurementService"
134-->[com.google.android.gms:play-services-measurement:20.0.0] AndroidManifest.xml:36:13-84
135            android:enabled="true"
135-->[com.google.android.gms:play-services-measurement:20.0.0] AndroidManifest.xml:37:13-35
136            android:exported="false" />
136-->[com.google.android.gms:play-services-measurement:20.0.0] AndroidManifest.xml:38:13-37
137        <service
137-->[com.google.android.gms:play-services-measurement:20.0.0] AndroidManifest.xml:39:9-43:72
138            android:name="com.google.android.gms.measurement.AppMeasurementJobService"
138-->[com.google.android.gms:play-services-measurement:20.0.0] AndroidManifest.xml:40:13-87
139            android:enabled="true"
139-->[com.google.android.gms:play-services-measurement:20.0.0] AndroidManifest.xml:41:13-35
140            android:exported="false"
140-->[com.google.android.gms:play-services-measurement:20.0.0] AndroidManifest.xml:42:13-37
141            android:permission="android.permission.BIND_JOB_SERVICE" />
141-->[com.google.android.gms:play-services-measurement:20.0.0] AndroidManifest.xml:43:13-69
142        <service
142-->[com.google.android.gms:play-services-measurement-api:20.0.0] AndroidManifest.xml:27:9-33:19
143            android:name="com.google.firebase.components.ComponentDiscoveryService"
143-->[com.google.android.gms:play-services-measurement-api:20.0.0] AndroidManifest.xml:28:13-84
144            android:directBootAware="true"
144-->[com.google.firebase:firebase-common:20.0.0] AndroidManifest.xml:35:13-43
145            android:exported="false" >
145-->[com.google.android.gms:play-services-measurement-api:20.0.0] AndroidManifest.xml:29:13-37
146            <meta-data
146-->[com.google.android.gms:play-services-measurement-api:20.0.0] AndroidManifest.xml:30:13-32:85
147                android:name="com.google.firebase.components:com.google.firebase.analytics.connector.internal.AnalyticsConnectorRegistrar"
147-->[com.google.android.gms:play-services-measurement-api:20.0.0] AndroidManifest.xml:31:17-139
148                android:value="com.google.firebase.components.ComponentRegistrar" />
148-->[com.google.android.gms:play-services-measurement-api:20.0.0] AndroidManifest.xml:32:17-82
149            <meta-data
149-->[com.google.firebase:firebase-installations:17.0.0] AndroidManifest.xml:18:13-20:85
150                android:name="com.google.firebase.components:com.google.firebase.installations.FirebaseInstallationsRegistrar"
150-->[com.google.firebase:firebase-installations:17.0.0] AndroidManifest.xml:19:17-127
151                android:value="com.google.firebase.components.ComponentRegistrar" />
151-->[com.google.firebase:firebase-installations:17.0.0] AndroidManifest.xml:20:17-82
152        </service>
153
154        <provider
154-->[com.google.firebase:firebase-common:20.0.0] AndroidManifest.xml:26:9-31:39
155            android:name="com.google.firebase.provider.FirebaseInitProvider"
155-->[com.google.firebase:firebase-common:20.0.0] AndroidManifest.xml:27:13-77
156            android:authorities="com.example.flutter_test_agence.firebaseinitprovider"
156-->[com.google.firebase:firebase-common:20.0.0] AndroidManifest.xml:28:13-72
157            android:directBootAware="true"
157-->[com.google.firebase:firebase-common:20.0.0] AndroidManifest.xml:29:13-43
158            android:exported="false"
158-->[com.google.firebase:firebase-common:20.0.0] AndroidManifest.xml:30:13-37
159            android:initOrder="100" />
159-->[com.google.firebase:firebase-common:20.0.0] AndroidManifest.xml:31:13-36
160
161        <meta-data
161-->[com.google.android.gms:play-services-basement:18.1.0] AndroidManifest.xml:21:9-23:69
162            android:name="com.google.android.gms.version"
162-->[com.google.android.gms:play-services-basement:18.1.0] AndroidManifest.xml:22:13-58
163            android:value="@integer/google_play_services_version" />
163-->[com.google.android.gms:play-services-basement:18.1.0] AndroidManifest.xml:23:13-66
164        <!--
165         The initialization ContentProvider will call FacebookSdk.sdkInitialize automatically
166         with the application context. This config is merged in with the host app's manifest,
167         but there can only be one provider with the same authority activated at any given
168         point; so if the end user has two or more different apps that use Facebook SDK, only the
169         first one will be able to use the provider. To work around this problem, we use the
170         following placeholder in the authority to identify each host application as if it was
171         a completely different provider.
172        -->
173        <provider
173-->[com.facebook.android:facebook-core:15.1.0] AndroidManifest.xml:29:9-32:40
174            android:name="com.facebook.internal.FacebookInitProvider"
174-->[com.facebook.android:facebook-core:15.1.0] AndroidManifest.xml:30:13-70
175            android:authorities="com.example.flutter_test_agence.FacebookInitProvider"
175-->[com.facebook.android:facebook-core:15.1.0] AndroidManifest.xml:31:13-72
176            android:exported="false" />
176-->[com.facebook.android:facebook-core:15.1.0] AndroidManifest.xml:32:13-37
177
178        <receiver
178-->[com.facebook.android:facebook-core:15.1.0] AndroidManifest.xml:34:9-40:20
179            android:name="com.facebook.CurrentAccessTokenExpirationBroadcastReceiver"
179-->[com.facebook.android:facebook-core:15.1.0] AndroidManifest.xml:35:13-86
180            android:exported="false" >
180-->[com.facebook.android:facebook-core:15.1.0] AndroidManifest.xml:36:13-37
181            <intent-filter>
181-->[com.facebook.android:facebook-core:15.1.0] AndroidManifest.xml:37:13-39:29
182                <action android:name="com.facebook.sdk.ACTION_CURRENT_ACCESS_TOKEN_CHANGED" />
182-->[com.facebook.android:facebook-core:15.1.0] AndroidManifest.xml:38:17-95
182-->[com.facebook.android:facebook-core:15.1.0] AndroidManifest.xml:38:25-92
183            </intent-filter>
184        </receiver>
185        <receiver
185-->[com.facebook.android:facebook-core:15.1.0] AndroidManifest.xml:41:9-47:20
186            android:name="com.facebook.AuthenticationTokenManager$CurrentAuthenticationTokenChangedBroadcastReceiver"
186-->[com.facebook.android:facebook-core:15.1.0] AndroidManifest.xml:42:13-118
187            android:exported="false" >
187-->[com.facebook.android:facebook-core:15.1.0] AndroidManifest.xml:43:13-37
188            <intent-filter>
188-->[com.facebook.android:facebook-core:15.1.0] AndroidManifest.xml:44:13-46:29
189                <action android:name="com.facebook.sdk.ACTION_CURRENT_AUTHENTICATION_TOKEN_CHANGED" />
189-->[com.facebook.android:facebook-core:15.1.0] AndroidManifest.xml:45:17-103
189-->[com.facebook.android:facebook-core:15.1.0] AndroidManifest.xml:45:25-100
190            </intent-filter>
191        </receiver>
192
193        <uses-library
193-->[androidx.window:window:1.0.0-beta04] AndroidManifest.xml:25:9-27:40
194            android:name="androidx.window.extensions"
194-->[androidx.window:window:1.0.0-beta04] AndroidManifest.xml:26:13-54
195            android:required="false" />
195-->[androidx.window:window:1.0.0-beta04] AndroidManifest.xml:27:13-37
196        <uses-library
196-->[androidx.window:window:1.0.0-beta04] AndroidManifest.xml:28:9-30:40
197            android:name="androidx.window.sidecar"
197-->[androidx.window:window:1.0.0-beta04] AndroidManifest.xml:29:13-51
198            android:required="false" />
198-->[androidx.window:window:1.0.0-beta04] AndroidManifest.xml:30:13-37
199    </application>
200
201</manifest>